p:\comp 345\game\game\game\x64\debug\vc140.pdb
p:\comp 345\game\game\game\x64\debug\vc140.idb
p:\comp 345\game\game\game\x64\debug\game.obj
p:\comp 345\game\game\game\x64\debug\main.obj
p:\comp 345\game\game\game\x64\debug\renderer.obj
p:\comp 345\game\game\game\x64\debug\view.obj
p:\comp 345\game\game\game\x64\debug\titleview.obj
p:\comp 345\game\game\game\x64\debug\button.obj
p:\comp 345\game\game\game\x64\debug\gameview.obj
p:\comp 345\game\game\game\x64\debug\gridposition.obj
p:\comp 345\game\game\game\x64\debug\map.obj
p:\comp 345\game\game\x64\debug\game.ilk
p:\comp 345\game\game\x64\debug\game.exe
p:\comp 345\game\game\x64\debug\game.pdb
p:\comp 345\game\game\game\x64\debug\game.tlog\cl.command.1.tlog
p:\comp 345\game\game\game\x64\debug\game.tlog\cl.read.1.tlog
p:\comp 345\game\game\game\x64\debug\game.tlog\cl.write.1.tlog
p:\comp 345\game\game\game\x64\debug\game.tlog\link.command.1.tlog
p:\comp 345\game\game\game\x64\debug\game.tlog\link.read.1.tlog
p:\comp 345\game\game\game\x64\debug\game.tlog\link.write.1.tlog
